<?xml version="1.0" encoding="UTF-8"?>
<testsuite xmlns:xsi="http://www.w3.org/2001/XMLSchema-instance" xsi:noNamespaceSchemaLocation="https://maven.apache.org/surefire/maven-surefire-plugin/xsd/surefire-test-report.xsd" name="com.moneytransfer.api.AccountTest" time="3.424" tests="5" errors="0" skipped="0" failures="0">
  <properties>
[...]
</properties>
  <testcase name="testInvalidCurrencySymbolCreate" classname="com.moneytransfer.api.AccountTest" time="2.43"/>
  <testcase name="testNotFoundCreate" classname="com.moneytransfer.api.AccountTest" time="0.336"/>
  <testcase name="testCreate" classname="com.moneytransfer.api.AccountTest" time="0.194"/>
  <testcase name="testDelete" classname="com.moneytransfer.api.AccountTest" time="0.107"/>
  <testcase name="testModify" classname="com.moneytransfer.api.AccountTest" time="0.144"/>
</testsuite>